<?xml version="1.0" encoding="UTF-8"?>
<testsuite name="com.nulli.neoloader.config.LdapConfigurationTest" tests="1" skipped="0" failures="0" errors="0" timestamp="2015-03-10T03:57:07" hostname="BabsyAtNulli.local" time="0.433">
  <properties/>
  <testcase name="test create LDAP Config" classname="com.nulli.neoloader.config.LdapConfigurationTest" time="0.433"/>
  <system-out><![CDATA[]]></system-out>
  <system-err><![CDATA[]]></system-err>
</testsuite>
